<?xml version="1.0" encoding="UTF-8"?>
<!-- Generated by org.testng.reporters.JUnitReportReporter -->
<testsuite hostname="LAPTOP-9QFBHCIE" name="com.clarivate.bdd_framework.testRunner.TestRunner" tests="1" failures="0" timestamp="13 Jul 2020 14:43:39 GMT" time="46.346" errors="0">
  <testcase name="feature" time="46.346" classname="com.clarivate.bdd_framework.testRunner.TestRunner"/>
</testsuite> <!-- com.clarivate.bdd_framework.testRunner.TestRunner -->
