<?xml version="1.0" encoding="UTF-8"?>
<!-- Generated by org.testng.reporters.JUnitReportReporter -->
<testsuite hostname="LAPTOP-9QFBHCIE" name="com.clarivate.bdd_framework.testRunner.TestRunner" tests="1" failures="0" timestamp="15 Jul 2020 14:05:50 GMT" time="65.853" errors="0">
  <testcase name="feature" time="65.853" classname="com.clarivate.bdd_framework.testRunner.TestRunner"/>
</testsuite> <!-- com.clarivate.bdd_framework.testRunner.TestRunner -->
